<?xml version="1.0" encoding="UTF-8"?>
<!-- Generated by org.testng.reporters.JUnitXMLReporter -->
<testsuite hostname="CSLH1880" ignored="0" name="Test" tests="2" failures="1" timestamp="28 Mar 2020 16:16:41 GMT" time="19.899" errors="0">
  <testcase name="login" time="19.856" classname="appconnect.automation1.LoginappCONNECT"/>
  <testcase name="New_load_create" time="0.008" classname="appconnect.automation1.loaderCreation">
    <failure type="java.lang.NullPointerException">
      <![CDATA[java.lang.NullPointerException
at org.openqa.selenium.support.pagefactory.DefaultElementLocator.findElement(DefaultElementLocator.java:69)
at org.openqa.selenium.support.pagefactory.internal.LocatingElementHandler.invoke(LocatingElementHandler.java:38)
at com.sun.proxy.$Proxy7.click(Unknown Source)
at ObjectRepository.loaderCreationPage.loader_create(loaderCreationPage.java:28)
at appconnect.automation1.loaderCreation.New_load_create(loaderCreation.java:17)
... Removed 25 stack frames]]>
    </failure>
  </testcase> <!-- New_load_create -->
</testsuite> <!-- Test -->
